Using pre-set license
Built from '2020.3/staging' branch; Version is '2020.3.26f1 (7298b473bc1a) revision 7510196'; Using compiler version '192528614'; Build Type 'Release'
OS: 'Windows 10  (10.0.19044) 64bit CoreSingleLanguage' Language: 'es' Physical Memory: 7998 MB
BatchMode: 1, IsHumanControllingUs: 0, StartBugReporterOnCrash: 0, Is64bit: 1, IsPro: 0

COMMAND LINE ARGUMENTS:
D:\Unity\2020.3.26f1\Editor\Unity.exe
-adb2
-batchMode
-noUpm
-name
AssetImportWorker0
-projectPath
D:/UnityProjects/ulsa-advance-concepts-2D
-logFile
Logs/AssetImportWorker0.log
-srvPort
62851
Successfully changed project path to: D:/UnityProjects/ulsa-advance-concepts-2D
D:/UnityProjects/ulsa-advance-concepts-2D
Using Asset Import Pipeline V2.
Refreshing native plugins compatible for Editor in 69.13 ms, found 3 plugins.
Preloading 0 native plugins for Editor in 0.00 ms.
Initialize engine version: 2020.3.26f1 (7298b473bc1a)
[Subsystems] Discovering subsystems at path D:/Unity/2020.3.26f1/Editor/Data/Resources/UnitySubsystems
[Subsystems] Discovering subsystems at path D:/UnityProjects/ulsa-advance-concepts-2D/Assets
GfxDevice: creating device client; threaded=0
Direct3D:
    Version:  Direct3D 11.0 [level 11.1]
    Renderer: NVIDIA GeForce GTX 1650 (ID=0x1f91)
    Vendor:   
    VRAM:     3962 MB
    Driver:   30.0.14.7247
Initialize mono
Mono path[0] = 'D:/Unity/2020.3.26f1/Editor/Data/Managed'
Mono path[1] = 'D:/Unity/2020.3.26f1/Editor/Data/MonoBleedingEdge/lib/mono/unityjit'
Mono config path = 'D:/Unity/2020.3.26f1/Editor/Data/MonoBleedingEdge/etc'
Using monoOptions --debugger-agent=transport=dt_socket,embedding=1,server=y,suspend=n,address=127.0.0.1:56700
Begin MonoManager ReloadAssembly
Registering precompiled unity dll's ...
Register platform support module: D:/Unity/2020.3.26f1/Editor/Data/PlaybackEngines/WindowsStandaloneSupport/UnityEditor.WindowsStandalone.Extensions.dll
Registered in 0.001325 seconds.
Native extension for WindowsStandalone target not found
Refreshing native plugins compatible for Editor in 66.22 ms, found 3 plugins.
Preloading 0 native plugins for Editor in 0.00 ms.
Mono: successfully reloaded assembly
- Completed reload, in  0.614 seconds
Domain Reload Profiling:
	ReloadAssembly (615ms)
		BeginReloadAssembly (77ms)
			ExecutionOrderSort (0ms)
			DisableScriptedObjects (0ms)
			BackupInstance (0ms)
			ReleaseScriptingObjects (0ms)
			CreateAndSetChildDomain (1ms)
		EndReloadAssembly (470ms)
			LoadAssemblies (76ms)
			RebuildTransferFunctionScriptingTraits (0ms)
			SetupTypeCache (153ms)
			ReleaseScriptCaches (0ms)
			RebuildScriptCaches (29ms)
			SetupLoadedEditorAssemblies (191ms)
				LogAssemblyErrors (0ms)
				InitializePlatformSupportModulesInManaged (4ms)
				SetLoadedEditorAssemblies (0ms)
				RefreshPlugins (66ms)
				BeforeProcessingInitializeOnLoad (13ms)
				ProcessInitializeOnLoadAttributes (79ms)
				ProcessInitializeOnLoadMethodAttributes (29ms)
				AfterProcessingInitializeOnLoad (0ms)
				EditorAssembliesLoaded (0ms)
			ExecutionOrderSort2 (0ms)
			AwakeInstancesAfterBackupRestoration (0ms)
Platform modules already initialized, skipping
Registering precompiled user dll's ...
Registered in 0.006422 seconds.
Begin MonoManager ReloadAssembly
Native extension for WindowsStandalone target not found
Refreshing native plugins compatible for Editor in 63.09 ms, found 3 plugins.
Preloading 0 native plugins for Editor in 0.00 ms.
Mono: successfully reloaded assembly
- Completed reload, in  1.327 seconds
Domain Reload Profiling:
	ReloadAssembly (1328ms)
		BeginReloadAssembly (153ms)
			ExecutionOrderSort (0ms)
			DisableScriptedObjects (4ms)
			BackupInstance (0ms)
			ReleaseScriptingObjects (0ms)
			CreateAndSetChildDomain (18ms)
		EndReloadAssembly (1123ms)
			LoadAssemblies (124ms)
			RebuildTransferFunctionScriptingTraits (0ms)
			SetupTypeCache (396ms)
			ReleaseScriptCaches (1ms)
			RebuildScriptCaches (67ms)
			SetupLoadedEditorAssemblies (409ms)
				LogAssemblyErrors (0ms)
				InitializePlatformSupportModulesInManaged (3ms)
				SetLoadedEditorAssemblies (0ms)
				RefreshPlugins (63ms)
				BeforeProcessingInitializeOnLoad (87ms)
				ProcessInitializeOnLoadAttributes (239ms)
				ProcessInitializeOnLoadMethodAttributes (15ms)
				AfterProcessingInitializeOnLoad (2ms)
				EditorAssembliesLoaded (0ms)
			ExecutionOrderSort2 (0ms)
			AwakeInstancesAfterBackupRestoration (5ms)
Platform modules already initialized, skipping
========================================================================
Worker process is ready to serve import requests
Launched and connected shader compiler UnityShaderCompiler.exe after 0.07 seconds
Refreshing native plugins compatible for Editor in 0.81 ms, found 3 plugins.
Preloading 0 native plugins for Editor in 0.00 ms.
Unloading 3842 Unused Serialized files (Serialized files now loaded: 0)
System memory in use before: 162.5 MB.
System memory in use after: 162.7 MB.

Unloading 34 unused Assets to reduce memory usage. Loaded Objects now: 4275.
Total: 3.994800 ms (FindLiveObjects: 0.308600 ms CreateObjectMapping: 0.162100 ms MarkObjects: 3.449000 ms  DeleteObjects: 0.074200 ms)

AssetImportParameters requested are different than current active one (requested -> active):
  custom:framework-win-MediaFoundation: 216162199b28c13a410421893ffa2e32 -> 
  custom:video-decoder-ogg-theora: a1e56fd34408186e4bbccfd4996cb3dc -> 
  custom:container-muxer-webm: aa71ff27fc2769a1b78a27578f13a17b -> 
  custom:container-demuxer-webm: 4f35f7cbe854078d1ac9338744f61a02 -> 
  custom:container-demuxer-ogg: 62fdf1f143b41e24485cea50d1cbac27 -> 
  custom:video-encoder-webm-vp8: eb34c28f22e8b96e1ab97ce403110664 -> 
  custom:video-codec-MediaFoundation-h265: 746d11721c4dcdbdad8f713fa42b33f4 -> 
  custom:video-decoder-webm-vp8: 9c59270c3fd7afecdb556c50c9e8de78 -> 
  custom:audio-decoder-ogg-vorbis: bf7c407c2cedff20999df2af8eb42d56 -> 
  custom:audio-encoder-webm-vorbis: bf7c407c2cedff20999df2af8eb42d56 -> 
========================================================================
Received Import Request.
  path: Assets/Settings/SampleSceneProfile.asset
  artifactKey: Guid(10fc4df2da32a41aaa32d77bc913491c) Importer(815301076,1909f56bfc062723c751e8b465ee728b)
Start importing Assets/Settings/SampleSceneProfile.asset using Guid(10fc4df2da32a41aaa32d77bc913491c) Importer(815301076,1909f56bfc062723c751e8b465ee728b)  -> (artifact id: 'd2b3f476ab718b1cf20d183dd9addfe7') in 0.104119 seconds 
  Import took 0.109658 seconds .

========================================================================
Received Import Request.
  Time since last request: 0.000284 seconds.
  path: Assets/Settings/UniversalRP-LowQuality.asset
  artifactKey: Guid(a31e9f9f9c9d4b9429ed0d1234e22103) Importer(815301076,1909f56bfc062723c751e8b465ee728b)
Start importing Assets/Settings/UniversalRP-LowQuality.asset using Guid(a31e9f9f9c9d4b9429ed0d1234e22103) Importer(815301076,1909f56bfc062723c751e8b465ee728b)  -> (artifact id: 'b226a0bb157262eadf686f6bb5b5f1f8') in 0.005838 seconds 
  Import took 0.010637 seconds .

========================================================================
Received Import Request.
  Time since last request: 0.000255 seconds.
  path: Assets/Settings/UniversalRP-MediumQuality.asset
  artifactKey: Guid(d847b876476d3d6468f5dfcd34266f96) Importer(815301076,1909f56bfc062723c751e8b465ee728b)
Start importing Assets/Settings/UniversalRP-MediumQuality.asset using Guid(d847b876476d3d6468f5dfcd34266f96) Importer(815301076,1909f56bfc062723c751e8b465ee728b)  -> (artifact id: 'd421f548a6507a11f25ec3578746e9c1') in 0.005992 seconds 
  Import took 0.010853 seconds .

========================================================================
Received Import Request.
  Time since last request: 0.000289 seconds.
  path: Assets/Settings/UniversalRP-HighQuality.asset
  artifactKey: Guid(19ba41d7c0026c3459d37c2fe90c55a0) Importer(815301076,1909f56bfc062723c751e8b465ee728b)
Start importing Assets/Settings/UniversalRP-HighQuality.asset using Guid(19ba41d7c0026c3459d37c2fe90c55a0) Importer(815301076,1909f56bfc062723c751e8b465ee728b)  -> (artifact id: '02e18c1f933b70f494440bf5e7626866') in 0.007432 seconds 
  Import took 0.013316 seconds .

========================================================================
Received Import Request.
  Time since last request: 0.000309 seconds.
  path: Assets/Settings/ForwardRenderer.asset
  artifactKey: Guid(4a8e21d5c33334b11b34a596161b9360) Importer(815301076,1909f56bfc062723c751e8b465ee728b)
Start importing Assets/Settings/ForwardRenderer.asset using Guid(4a8e21d5c33334b11b34a596161b9360) Importer(815301076,1909f56bfc062723c751e8b465ee728b)  -> (artifact id: '63cf95242464b0f1307a08bc2392aaaa') in 0.008743 seconds 
  Import took 0.015398 seconds .

========================================================================
Received Import Request.
  Time since last request: 4.607176 seconds.
  path: Assets/Settings
  artifactKey: Guid(0735c275001a2c84dafdb30deced5d8d) Importer(815301076,1909f56bfc062723c751e8b465ee728b)
Start importing Assets/Settings using Guid(0735c275001a2c84dafdb30deced5d8d) Importer(815301076,1909f56bfc062723c751e8b465ee728b)  -> (artifact id: 'cadd7ca10b5bf32e886eec457cf073a7') in 0.005065 seconds 
  Import took 0.011385 seconds .

========================================================================
Received Import Request.
  Time since last request: 58.155868 seconds.
  path: Assets/Settings/New 2D Renderer Data.asset
  artifactKey: Guid(770f05cdfd65a0d43ac15823211713aa) Importer(815301076,1909f56bfc062723c751e8b465ee728b)
Start importing Assets/Settings/New 2D Renderer Data.asset using Guid(770f05cdfd65a0d43ac15823211713aa) Importer(815301076,1909f56bfc062723c751e8b465ee728b)  -> (artifact id: '8fa0e47a5afaaf6e020ff71fb5406df6') in 0.011735 seconds 
  Import took 0.017764 seconds .

========================================================================
Received Import Request.
  Time since last request: 40.217129 seconds.
  path: Assets/Settings/2DRender.asset
  artifactKey: Guid(ab8da031f7ffc1d4f98f39b066473314) Importer(815301076,1909f56bfc062723c751e8b465ee728b)
Start importing Assets/Settings/2DRender.asset using Guid(ab8da031f7ffc1d4f98f39b066473314) Importer(815301076,1909f56bfc062723c751e8b465ee728b)  -> (artifact id: 'c9d423b40314edd1f3f1b1ef0121549c') in 0.009369 seconds 
  Import took 0.015354 seconds .

========================================================================
Received Prepare
Refreshing native plugins compatible for Editor in 4.86 ms, found 3 plugins.
Preloading 0 native plugins for Editor in 0.00 ms.
Unloading 20 Unused Serialized files (Serialized files now loaded: 0)
System memory in use before: 81.5 MB.
System memory in use after: 81.8 MB.

Unloading 18 unused Assets to reduce memory usage. Loaded Objects now: 4277.
Total: 4.728000 ms (FindLiveObjects: 0.295400 ms CreateObjectMapping: 0.198200 ms MarkObjects: 4.213400 ms  DeleteObjects: 0.020000 ms)

AssetImportParameters requested are different than current active one (requested -> active):
  custom:framework-win-MediaFoundation: 216162199b28c13a410421893ffa2e32 -> 
  custom:video-decoder-ogg-theora: a1e56fd34408186e4bbccfd4996cb3dc -> 
  custom:container-muxer-webm: aa71ff27fc2769a1b78a27578f13a17b -> 
  custom:container-demuxer-webm: 4f35f7cbe854078d1ac9338744f61a02 -> 
  custom:container-demuxer-ogg: 62fdf1f143b41e24485cea50d1cbac27 -> 
  custom:srp/default-shader: 0000e00a000e0de00000e000e02d0000 -> 0000e00a000e0de00000e000e0000000
  custom:video-encoder-webm-vp8: eb34c28f22e8b96e1ab97ce403110664 -> 
  custom:video-codec-MediaFoundation-h265: 746d11721c4dcdbdad8f713fa42b33f4 -> 
  custom:video-decoder-webm-vp8: 9c59270c3fd7afecdb556c50c9e8de78 -> 
  custom:audio-decoder-ogg-vorbis: bf7c407c2cedff20999df2af8eb42d56 -> 
  custom:audio-encoder-webm-vorbis: bf7c407c2cedff20999df2af8eb42d56 -> 
========================================================================
Received Import Request.
  Time since last request: 1051.383356 seconds.
  path: ProjectSettings/TagManager.asset
  artifactKey: Guid(00000000000000003000000000000000) Importer(815301076,1909f56bfc062723c751e8b465ee728b)
Start importing ProjectSettings/TagManager.asset using Guid(00000000000000003000000000000000) Importer(815301076,1909f56bfc062723c751e8b465ee728b)  -> (artifact id: 'fc42e30003074059bef8fb59cba1b257') in 0.015729 seconds 
  Import took 0.023549 seconds .

========================================================================
Received Import Request.
  Time since last request: 1137.451141 seconds.
  path: Assets
  artifactKey: Guid(00000000000000001000000000000000) Importer(815301076,1909f56bfc062723c751e8b465ee728b)
Start importing Assets using Guid(00000000000000001000000000000000) Importer(815301076,1909f56bfc062723c751e8b465ee728b)  -> (artifact id: '42d402b061de3733987d63b9cc3b64de') in 0.007038 seconds 
  Import took 0.033554 seconds .

========================================================================
Received Import Request.
  Time since last request: 7.909263 seconds.
  path: Assets/Sprites
  artifactKey: Guid(9096909678aec6f4d9f116ab2c6ad96d) Importer(815301076,1909f56bfc062723c751e8b465ee728b)
Start importing Assets/Sprites using Guid(9096909678aec6f4d9f116ab2c6ad96d) Importer(815301076,1909f56bfc062723c751e8b465ee728b)  -> (artifact id: 'bd125cb6b62a6b821e0493a734ce1019') in 0.007228 seconds 
  Import took 0.026657 seconds .

========================================================================
Received Import Request.
  Time since last request: 17.339617 seconds.
  path: Assets/Sprites/sunshaft.png
  artifactKey: Guid(dd7f29dd1168ec24a81babfb411be281) Importer(815301076,1909f56bfc062723c751e8b465ee728b)
Start importing Assets/Sprites/sunshaft.png using Guid(dd7f29dd1168ec24a81babfb411be281) Importer(815301076,1909f56bfc062723c751e8b465ee728b)  -> (artifact id: '318644a97311d770f90ced5d2a542570') in 0.201375 seconds 
  Import took 0.208359 seconds .

========================================================================
Received Import Request.
  Time since last request: 19.061762 seconds.
  path: Assets/Sprites/sunshaft.png
  artifactKey: Guid(dd7f29dd1168ec24a81babfb411be281) Importer(815301076,1909f56bfc062723c751e8b465ee728b)
Start importing Assets/Sprites/sunshaft.png using Guid(dd7f29dd1168ec24a81babfb411be281) Importer(815301076,1909f56bfc062723c751e8b465ee728b)  -> (artifact id: '7f25c917ac430e05706e45caa839b35c') in 0.156976 seconds 
  Import took 0.197572 seconds .

========================================================================
Received Import Request.
  Time since last request: 478.206245 seconds.
  path: Assets/Settings/2DProfile.asset
  artifactKey: Guid(1db324437f1663b4892a653faf1a71ab) Importer(815301076,1909f56bfc062723c751e8b465ee728b)
Start importing Assets/Settings/2DProfile.asset using Guid(1db324437f1663b4892a653faf1a71ab) Importer(815301076,1909f56bfc062723c751e8b465ee728b)  -> (artifact id: '91e7ea8b5d42da05d9489698597d0192') in 0.008513 seconds 
  Import took 0.028736 seconds .

========================================================================
Received Import Request.
  Time since last request: 0.000280 seconds.
  path: Assets/Settings/2DRender.asset
  artifactKey: Guid(ab8da031f7ffc1d4f98f39b066473314) Importer(815301076,1909f56bfc062723c751e8b465ee728b)
Start importing Assets/Settings/2DRender.asset using Guid(ab8da031f7ffc1d4f98f39b066473314) Importer(815301076,1909f56bfc062723c751e8b465ee728b)  -> (artifact id: 'b2f88c145b8747ba2943ebc27c5e1857') in 0.052488 seconds 
  Import took 0.072174 seconds .

========================================================================
Received Import Request.
  Time since last request: 0.000322 seconds.
  path: Assets/Settings/UniversalRP-LowQuality.asset
  artifactKey: Guid(a31e9f9f9c9d4b9429ed0d1234e22103) Importer(815301076,1909f56bfc062723c751e8b465ee728b)
Start importing Assets/Settings/UniversalRP-LowQuality.asset using Guid(a31e9f9f9c9d4b9429ed0d1234e22103) Importer(815301076,1909f56bfc062723c751e8b465ee728b)  -> (artifact id: '711a0ec6c7b40934e417c44a786fac44') in 0.005043 seconds 
  Import took 0.013950 seconds .

========================================================================
Received Import Request.
  Time since last request: 0.000386 seconds.
  path: Assets/Settings/UniversalRP-MediumQuality.asset
  artifactKey: Guid(d847b876476d3d6468f5dfcd34266f96) Importer(815301076,1909f56bfc062723c751e8b465ee728b)
Start importing Assets/Settings/UniversalRP-MediumQuality.asset using Guid(d847b876476d3d6468f5dfcd34266f96) Importer(815301076,1909f56bfc062723c751e8b465ee728b)  -> (artifact id: 'd4918053881c5f78da86b3939170c30d') in 0.016900 seconds 
  Import took 0.024755 seconds .

========================================================================
Received Import Request.
  Time since last request: 0.000274 seconds.
  path: Assets/Settings/UniversalRP-HighQuality.asset
  artifactKey: Guid(19ba41d7c0026c3459d37c2fe90c55a0) Importer(815301076,1909f56bfc062723c751e8b465ee728b)
Start importing Assets/Settings/UniversalRP-HighQuality.asset using Guid(19ba41d7c0026c3459d37c2fe90c55a0) Importer(815301076,1909f56bfc062723c751e8b465ee728b)  -> (artifact id: '916b818089e78aa48790ecc0e7a25cff') in 0.004246 seconds 
  Import took 0.011877 seconds .

========================================================================
Received Import Request.
  Time since last request: 28.108112 seconds.
  path: Assets/Settings/2DProfile.asset
  artifactKey: Guid(1db324437f1663b4892a653faf1a71ab) Importer(815301076,1909f56bfc062723c751e8b465ee728b)
Start importing Assets/Settings/2DProfile.asset using Guid(1db324437f1663b4892a653faf1a71ab) Importer(815301076,1909f56bfc062723c751e8b465ee728b)  -> (artifact id: '7fc2bf7fe3c4f8fe8ef6d75766073e4e') in 0.003927 seconds 
  Import took 0.552799 seconds .

========================================================================
Received Import Request.
  Time since last request: 57.591658 seconds.
  path: Assets/Settings/2DProfile.asset
  artifactKey: Guid(1db324437f1663b4892a653faf1a71ab) Importer(815301076,1909f56bfc062723c751e8b465ee728b)
Start importing Assets/Settings/2DProfile.asset using Guid(1db324437f1663b4892a653faf1a71ab) Importer(815301076,1909f56bfc062723c751e8b465ee728b)  -> (artifact id: '3eba21eeae17805fb1894a18be4059e5') in 0.003095 seconds 
  Import took 0.029907 seconds .

========================================================================
Received Import Request.
  Time since last request: 462.106761 seconds.
  path: Assets/Settings/2DProfile.asset
  artifactKey: Guid(1db324437f1663b4892a653faf1a71ab) Importer(815301076,1909f56bfc062723c751e8b465ee728b)
Start importing Assets/Settings/2DProfile.asset using Guid(1db324437f1663b4892a653faf1a71ab) Importer(815301076,1909f56bfc062723c751e8b465ee728b)  -> (artifact id: '667976ea4854e80e301d723e3fb484fd') in 0.003702 seconds 
  Import took 0.024120 seconds .

========================================================================
Received Import Request.
  Time since last request: 55.807387 seconds.
  path: Assets/Settings/2DProfile.asset
  artifactKey: Guid(1db324437f1663b4892a653faf1a71ab) Importer(815301076,1909f56bfc062723c751e8b465ee728b)
Start importing Assets/Settings/2DProfile.asset using Guid(1db324437f1663b4892a653faf1a71ab) Importer(815301076,1909f56bfc062723c751e8b465ee728b)  -> (artifact id: 'ce71e59e6ab4b99f0155ecc8c831300d') in 0.004581 seconds 
  Import took 0.011633 seconds .

========================================================================
Received Import Request.
  Time since last request: 60.649540 seconds.
  path: Assets/Settings/2DProfile.asset
  artifactKey: Guid(1db324437f1663b4892a653faf1a71ab) Importer(815301076,1909f56bfc062723c751e8b465ee728b)
Start importing Assets/Settings/2DProfile.asset using Guid(1db324437f1663b4892a653faf1a71ab) Importer(815301076,1909f56bfc062723c751e8b465ee728b)  -> (artifact id: '13289f3ca11e75cc41c70b03811d646c') in 0.011224 seconds 
  Import took 0.029852 seconds .

========================================================================
Received Import Request.
  Time since last request: 49.873989 seconds.
  path: Assets/Settings/2DProfile.asset
  artifactKey: Guid(1db324437f1663b4892a653faf1a71ab) Importer(815301076,1909f56bfc062723c751e8b465ee728b)
Start importing Assets/Settings/2DProfile.asset using Guid(1db324437f1663b4892a653faf1a71ab) Importer(815301076,1909f56bfc062723c751e8b465ee728b)  -> (artifact id: '0043029f3bc29d4546d9c9a10506732e') in 0.003273 seconds 
  Import took 0.056102 seconds .

========================================================================
Received Import Request.
  Time since last request: 2.874037 seconds.
  path: Assets/Settings/2DProfile.asset
  artifactKey: Guid(1db324437f1663b4892a653faf1a71ab) Importer(815301076,1909f56bfc062723c751e8b465ee728b)
Start importing Assets/Settings/2DProfile.asset using Guid(1db324437f1663b4892a653faf1a71ab) Importer(815301076,1909f56bfc062723c751e8b465ee728b)  -> (artifact id: '2bfe60255b41ec52a4b6e65177a0a572') in 0.005820 seconds 
  Import took 0.089169 seconds .

========================================================================
Received Import Request.
  Time since last request: 61.359580 seconds.
  path: Assets/Settings/2DProfile.asset
  artifactKey: Guid(1db324437f1663b4892a653faf1a71ab) Importer(815301076,1909f56bfc062723c751e8b465ee728b)
Start importing Assets/Settings/2DProfile.asset using Guid(1db324437f1663b4892a653faf1a71ab) Importer(815301076,1909f56bfc062723c751e8b465ee728b)  -> (artifact id: 'b934e7d0d7478246bc8567396ac77e12') in 0.006837 seconds 
  Import took 0.016862 seconds .

========================================================================
Received Import Request.
  Time since last request: 98.705735 seconds.
  path: Assets/Settings/2DProfile.asset
  artifactKey: Guid(1db324437f1663b4892a653faf1a71ab) Importer(815301076,1909f56bfc062723c751e8b465ee728b)
Start importing Assets/Settings/2DProfile.asset using Guid(1db324437f1663b4892a653faf1a71ab) Importer(815301076,1909f56bfc062723c751e8b465ee728b)  -> (artifact id: '4c2d48254a91754f75f8428d01cb5256') in 0.008861 seconds 
  Import took 0.025876 seconds .

========================================================================
Received Import Request.
  Time since last request: 146.518164 seconds.
  path: Assets/Settings/2DProfile.asset
  artifactKey: Guid(1db324437f1663b4892a653faf1a71ab) Importer(815301076,1909f56bfc062723c751e8b465ee728b)
Start importing Assets/Settings/2DProfile.asset using Guid(1db324437f1663b4892a653faf1a71ab) Importer(815301076,1909f56bfc062723c751e8b465ee728b)  -> (artifact id: 'e367f85ec9c04694ac905544c2b50b69') in 0.003443 seconds 
  Import took 0.016625 seconds .

AssetImportWorkerClient::OnTransportError - code=2 error=End of file
